#
# There is insufficient memory for the Java Runtime Environment to continue.
# Native memory allocation (malloc) failed to allocate 32744 bytes for ChunkPool::allocate
# Possible reasons:
#   The system is out of physical RAM or swap space
#   In 32 bit mode, the process size limit was hit
# Possible solutions:
#   Reduce memory load on the system
#   Increase physical memory or swap space
#   Check if swap backing store is full
#   Use 64 bit Java on a 64 bit OS
#   Decrease Java heap size (-Xmx/-Xms)
#   Decrease number of Java threads
#   Decrease Java thread stack sizes (-Xss)
#   Set larger code cache with -XX:ReservedCodeCacheSize=
# This output file may be truncated or incomplete.
#
#  Out of Memory Error (allocation.cpp:273), pid=7920, tid=0x000000000000016c
#
# JRE version: Java(TM) SE Runtime Environment (8.0_111-b14) (build 1.8.0_111-b14)
# Java VM: Java HotSpot(TM) 64-Bit Server VM (25.111-b14 mixed mode windows-amd64 compressed oops)
# Failed to write core dump. Minidumps are not enabled by default on client versions of Windows
#

---------------  T H R E A D  ---------------

Current thread (0x0000000056a02800):  JavaThread "C2 CompilerThread1" daemon [_thread_in_native, id=364, stack(0x0000000056e70000,0x0000000056f70000)]

Stack: [0x0000000056e70000,0x0000000056f70000]
[error occurred during error reporting (printing stack bounds), id 0xc0000005]

Native frames: (J=compiled Java code, j=interpreted, Vv=VM code, C=native code)


Current CompileTask:
C2:  20928 2545       4       javafx.scene.control.TextArea$TextAreaContent::get (5 bytes)


---------------  P R O C E S S  ---------------

Java Threads: ( => current thread )
  0x0000000056ce1000 JavaThread "Thread-4" daemon [_thread_blocked, id=1308, stack(0x00000000604e0000,0x00000000605e0000)]
  0x0000000057572800 JavaThread "Prism Font Disposer" daemon [_thread_blocked, id=6612, stack(0x000000005caf0000,0x000000005cbf0000)]
  0x0000000057369800 JavaThread "Thread-3" daemon [_thread_blocked, id=5476, stack(0x000000005af40000,0x000000005b040000)]
  0x000000005733a800 JavaThread "JavaFX-Launcher" [_thread_blocked, id=4676, stack(0x000000005b0f0000,0x000000005b1f0000)]
  0x0000000056df7000 JavaThread "JavaFX Application Thread" [_thread_in_native, id=3768, stack(0x0000000058830000,0x0000000058930000)]
  0x0000000056df5800 JavaThread "Thread-1" daemon [_thread_blocked, id=4360, stack(0x0000000058690000,0x0000000058790000)]
  0x0000000056dd3000 JavaThread "QuantumRenderer-0" daemon [_thread_blocked, id=5044, stack(0x0000000057b80000,0x0000000057c80000)]
  0x0000000056a81000 JavaThread "Service Thread" daemon [_thread_blocked, id=4840, stack(0x00000000570a0000,0x00000000571a0000)]
  0x0000000056a03800 JavaThread "C1 CompilerThread2" daemon [_thread_blocked, id=7680, stack(0x00000000567b0000,0x00000000568b0000)]
=>0x0000000056a02800 JavaThread "C2 CompilerThread1" daemon [_thread_in_native, id=364, stack(0x0000000056e70000,0x0000000056f70000)]
  0x000000005507a000 JavaThread "C2 CompilerThread0" daemon [_thread_in_native, id=792, stack(0x0000000056900000,0x0000000056a00000)]
  0x0000000055078800 JavaThread "Attach Listener" daemon [_thread_blocked, id=3948, stack(0x0000000056620000,0x0000000056720000)]
  0x0000000055075800 JavaThread "Signal Dispatcher" daemon [_thread_blocked, id=5020, stack(0x0000000056440000,0x0000000056540000)]
  0x000000005505c000 JavaThread "Finalizer" daemon [_thread_blocked, id=5936, stack(0x0000000056180000,0x0000000056280000)]
  0x0000000055015000 JavaThread "Reference Handler" daemon [_thread_blocked, id=2024, stack(0x00000000562f0000,0x00000000563f0000)]
  0x000000000223d800 JavaThread "main" [_thread_blocked, id=3984, stack(0x00000000024c0000,0x00000000025c0000)]

Other Threads:
  0x000000005500d800 VMThread [stack: 0x0000000056030000,0x0000000056130000] [id=7064]
  0x0000000056a99800 WatcherThread [stack: 0x00000000571a0000,0x00000000572a0000] [id=6812]

VM state:at safepoint (normal execution)

VM Mutex/Monitor currently owned by a thread:  ([mutex/lock_event])
[0x000000000223bfa0] Threads_lock - owner thread: 0x000000005500d800
[0x000000000223c4a0] Heap_lock - owner thread: 0x0000000056ce1000

Heap:
 PSYoungGen      total 265728K, used 259400K [0x00000000eb580000, 0x00000000fc080000, 0x0000000100000000)
  eden space 259072K, 100% used [0x00000000eb580000,0x00000000fb280000,0x00000000fb280000)
  from space 6656K, 4% used [0x00000000fba00000,0x00000000fba52300,0x00000000fc080000)
  to   space 7168K, 5% used [0x00000000fb280000,0x00000000fb2e5680,0x00000000fb980000)
 ParOldGen       total 42496K, used 12888K [0x00000000c2000000, 0x00000000c4980000, 0x00000000eb580000)
  object space 42496K, 30% used [0x00000000c2000000,0x00000000c2c962d0,0x00000000c4980000)
 Metaspace       used 17267K, capacity 18092K, committed 18432K, reserved 1064960K
  class space    used 2510K, capacity 2701K, committed 2816K, reserved 1048576K

Card table byte_map: [0x0000000011c50000,0x0000000011e50000] byte_map_base: 0x0000000011640000

Marking Bits: (ParMarkBitMap*) 0x0000000065c2a6c0
 Begin Bits: [0x0000000012590000, 0x0000000013510000)
 End Bits:   [0x0000000013510000, 0x0000000014490000)

Polling page: 0x0000000000120000

CodeCache: size=245760Kb used=7739Kb max_used=7750Kb free=238020Kb
 bounds [0x0000000002890000, 0x0000000003030000, 0x0000000011890000]
 total_blobs=3206 nmethods=2544 adapters=575
 compilation: enabled

Compilation events (10 events):
Event: 11.964 Thread 0x0000000056a02800 2541       4       javafx.beans.property.StringPropertyBase::get (5 bytes)
Event: 11.964 Thread 0x0000000056a02800 nmethod 2541 0x0000000002fb4750 code [0x0000000002fb4880, 0x0000000002fb48f8]
Event: 12.254 Thread 0x0000000056a03800 2542       3       javafx.scene.layout.Region::impl_computeGeomBounds (343 bytes)
Event: 12.256 Thread 0x0000000056a03800 nmethod 2542 0x0000000003027790 code [0x0000000003027bc0, 0x000000000302a7a8]
Event: 13.355 Thread 0x0000000056a03800 2543       3       javafx.scene.paint.Color::equals (75 bytes)
Event: 13.356 Thread 0x0000000056a03800 nmethod 2543 0x0000000003016d90 code [0x0000000003016f00, 0x0000000003017470]
Event: 13.567 Thread 0x000000005507a000 2544       4       javafx.scene.Node::impl_layoutBoundsChanged (47 bytes)
Event: 13.575 Thread 0x000000005507a000 nmethod 2544 0x0000000002fd7150 code [0x0000000002fd72a0, 0x0000000002fd7378]
Event: 17.671 Thread 0x0000000056a02800 2545       4       javafx.scene.control.TextArea$TextAreaContent::get (5 bytes)
Event: 17.724 Thread 0x000000005507a000 2546       4       javafx.scene.Node::impl_notifyLayoutBoundsChanged (46 bytes)

GC Heap History (10 events):
Event: 10.574 GC heap after
Heap after GC invocations=11 (full 0):
 PSYoungGen      total 109056K, used 218K [0x00000000eb580000, 0x00000000f6380000, 0x0000000100000000)
  eden space 100864K, 0% used [0x00000000eb580000,0x00000000eb580000,0x00000000f1800000)
  from space 8192K, 2% used [0x00000000f1800000,0x00000000f1836828,0x00000000f2000000)
  to   space 8192K, 0% used [0x00000000f5b80000,0x00000000f5b80000,0x00000000f6380000)
 ParOldGen       total 42496K, used 12629K [0x00000000c2000000, 0x00000000c4980000, 0x00000000eb580000)
  object space 42496K, 29% used [0x00000000c2000000,0x00000000c2c55640,0x00000000c4980000)
 Metaspace       used 17237K, capacity 18092K, committed 18432K, reserved 1064960K
  class space    used 2510K, capacity 2701K, committed 2816K, reserved 1048576K
}
Event: 10.747 GC heap before
{Heap before GC invocations=12 (full 0):
 PSYoungGen      total 109056K, used 101082K [0x00000000eb580000, 0x00000000f6380000, 0x0000000100000000)
  eden space 100864K, 100% used [0x00000000eb580000,0x00000000f1800000,0x00000000f1800000)
  from space 8192K, 2% used [0x00000000f1800000,0x00000000f1836828,0x00000000f2000000)
  to   space 8192K, 0% used [0x00000000f5b80000,0x00000000f5b80000,0x00000000f6380000)
 ParOldGen       total 42496K, used 12629K [0x00000000c2000000, 0x00000000c4980000, 0x00000000eb580000)
  object space 42496K, 29% used [0x00000000c2000000,0x00000000c2c55640,0x00000000c4980000)
 Metaspace       used 17238K, capacity 18092K, committed 18432K, reserved 1064960K
  class space    used 2510K, capacity 2701K, committed 2816K, reserved 1048576K
Event: 10.753 GC heap after
Heap after GC invocations=12 (full 0):
 PSYoungGen      total 169984K, used 266K [0x00000000eb580000, 0x00000000f6380000, 0x0000000100000000)
  eden space 161792K, 0% used [0x00000000eb580000,0x00000000eb580000,0x00000000f5380000)
  from space 8192K, 3% used [0x00000000f5b80000,0x00000000f5bc2b48,0x00000000f6380000)
  to   space 8192K, 0% used [0x00000000f5380000,0x00000000f5380000,0x00000000f5b80000)
 ParOldGen       total 42496K, used 12661K [0x00000000c2000000, 0x00000000c4980000, 0x00000000eb580000)
  object space 42496K, 29% used [0x00000000c2000000,0x00000000c2c5d640,0x00000000c4980000)
 Metaspace       used 17238K, capacity 18092K, committed 18432K, reserved 1064960K
  class space    used 2510K, capacity 2701K, committed 2816K, reserved 1048576K
}
Event: 11.146 GC heap before
{Heap before GC invocations=13 (full 0):
 PSYoungGen      total 169984K, used 162058K [0x00000000eb580000, 0x00000000f6380000, 0x0000000100000000)
  eden space 161792K, 100% used [0x00000000eb580000,0x00000000f5380000,0x00000000f5380000)
  from space 8192K, 3% used [0x00000000f5b80000,0x00000000f5bc2b48,0x00000000f6380000)
  to   space 8192K, 0% used [0x00000000f5380000,0x00000000f5380000,0x00000000f5b80000)
 ParOldGen       total 42496K, used 12661K [0x00000000c2000000, 0x00000000c4980000, 0x00000000eb580000)
  object space 42496K, 29% used [0x00000000c2000000,0x00000000c2c5d640,0x00000000c4980000)
 Metaspace       used 17251K, capacity 18092K, committed 18432K, reserved 1064960K
  class space    used 2510K, capacity 2701K, committed 2816K, reserved 1048576K
Event: 11.148 GC heap after
Heap after GC invocations=13 (full 0):
 PSYoungGen      total 169984K, used 288K [0x00000000eb580000, 0x00000000fc180000, 0x0000000100000000)
  eden space 161792K, 0% used [0x00000000eb580000,0x00000000eb580000,0x00000000f5380000)
  from space 8192K, 3% used [0x00000000f5380000,0x00000000f53c8110,0x00000000f5b80000)
  to   space 7680K, 0% used [0x00000000fba00000,0x00000000fba00000,0x00000000fc180000)
 ParOldGen       total 42496K, used 12685K [0x00000000c2000000, 0x00000000c4980000, 0x00000000eb580000)
  object space 42496K, 29% used [0x00000000c2000000,0x00000000c2c63640,0x00000000c4980000)
 Metaspace       used 17251K, capacity 18092K, committed 18432K, reserved 1064960K
  class space    used 2510K, capacity 2701K, committed 2816K, reserved 1048576K
}
Event: 11.523 GC heap before
{Heap before GC invocations=14 (full 0):
 PSYoungGen      total 169984K, used 162080K [0x00000000eb580000, 0x00000000fc180000, 0x0000000100000000)
  eden space 161792K, 100% used [0x00000000eb580000,0x00000000f5380000,0x00000000f5380000)
  from space 8192K, 3% used [0x00000000f5380000,0x00000000f53c8110,0x00000000f5b80000)
  to   space 7680K, 0% used [0x00000000fba00000,0x00000000fba00000,0x00000000fc180000)
 ParOldGen       total 42496K, used 12685K [0x00000000c2000000, 0x00000000c4980000, 0x00000000eb580000)
  object space 42496K, 29% used [0x00000000c2000000,0x00000000c2c63640,0x00000000c4980000)
 Metaspace       used 17259K, capacity 18092K, committed 18432K, reserved 1064960K
  class space    used 2510K, capacity 2701K, committed 2816K, reserved 1048576K
Event: 11.546 GC heap after
Heap after GC invocations=14 (full 0):
 PSYoungGen      total 265728K, used 778K [0x00000000eb580000, 0x00000000fc080000, 0x0000000100000000)
  eden space 259072K, 0% used [0x00000000eb580000,0x00000000eb580000,0x00000000fb280000)
  from space 6656K, 11% used [0x00000000fba00000,0x00000000fbac2910,0x00000000fc080000)
  to   space 7168K, 0% used [0x00000000fb280000,0x00000000fb280000,0x00000000fb980000)
 ParOldGen       total 42496K, used 12736K [0x00000000c2000000, 0x00000000c4980000, 0x00000000eb580000)
  object space 42496K, 29% used [0x00000000c2000000,0x00000000c2c701b0,0x00000000c4980000)
 Metaspace       used 17259K, capacity 18092K, committed 18432K, reserved 1064960K
  class space    used 2510K, capacity 2701K, committed 2816K, reserved 1048576K
}
Event: 15.816 GC heap before
{Heap before GC invocations=15 (full 0):
 PSYoungGen      total 265728K, used 259850K [0x00000000eb580000, 0x00000000fc080000, 0x0000000100000000)
  eden space 259072K, 100% used [0x00000000eb580000,0x00000000fb280000,0x00000000fb280000)
  from space 6656K, 11% used [0x00000000fba00000,0x00000000fbac2910,0x00000000fc080000)
  to   space 7168K, 0% used [0x00000000fb280000,0x00000000fb280000,0x00000000fb980000)
 ParOldGen       total 42496K, used 12736K [0x00000000c2000000, 0x00000000c4980000, 0x00000000eb580000)
  object space 42496K, 29% used [0x00000000c2000000,0x00000000c2c701b0,0x00000000c4980000)
 Metaspace       used 17267K, capacity 18092K, committed 18432K, reserved 1064960K
  class space    used 2510K, capacity 2701K, committed 2816K, reserved 1048576K
Event: 17.549 GC heap after
Heap after GC invocations=15 (full 0):
 PSYoungGen      total 266240K, used 302K [0x00000000eb580000, 0x00000000fc080000, 0x0000000100000000)
  eden space 259072K, 0% used [0x00000000eb580000,0x00000000eb580000,0x00000000fb280000)
  from space 7168K, 4% used [0x00000000fb280000,0x00000000fb2cba50,0x00000000fb980000)
  to   space 6656K, 0% used [0x00000000fba00000,0x00000000fba00000,0x00000000fc080000)
 ParOldGen       total 42496K, used 12768K [0x00000000c2000000, 0x00000000c4980000, 0x00000000eb580000)
  object space 42496K, 30% used [0x00000000c2000000,0x00000000c2c781b0,0x00000000c4980000)
 Metaspace       used 17267K, capacity 18092K, committed 18432K, reserved 1064960K
  class space    used 2510K, capacity 2701K, committed 2816K, reserved 1048576K
}
Event: 18.671 GC heap before
{Heap before GC invocations=16 (full 0):
 PSYoungGen      total 266240K, used 259374K [0x00000000eb580000, 0x00000000fc080000, 0x0000000100000000)
  eden space 259072K, 100% used [0x00000000eb580000,0x00000000fb280000,0x00000000fb280000)
  from space 7168K, 4% used [0x00000000fb280000,0x00000000fb2cba50,0x00000000fb980000)
  to   space 6656K, 0% used [0x00000000fba00000,0x00000000fba00000,0x00000000fc080000)
 ParOldGen       total 42496K, used 12768K [0x00000000c2000000, 0x00000000c4980000, 0x00000000eb580000)
  object space 42496K, 30% used [0x00000000c2000000,0x00000000c2c781b0,0x00000000c4980000)
 Metaspace       used 17267K, capacity 18092K, committed 18432K, reserved 1064960K
  class space    used 2510K, capacity 2701K, committed 2816K, reserved 1048576K

Deoptimization events (10 events):
Event: 7.974 Thread 0x0000000056df7000 Uncommon trap: reason=unstable_if action=reinterpret pc=0x0000000002db7618 method=javafx.scene.Node$MiscProperties.getEffect()Ljavafx/scene/effect/Effect; @ 4
Event: 9.609 Thread 0x0000000056df7000 Uncommon trap: reason=range_check action=make_not_entrant pc=0x0000000002db441c method=java.util.ArrayList.elementData(I)Ljava/lang/Object; @ 5
Event: 10.071 Thread 0x0000000056df7000 Uncommon trap: reason=null_check action=maybe_recompile pc=0x0000000002fb33f8 method=com.sun.javafx.text.PrismTextLayout.addTextRun(Lcom/sun/javafx/text/TextRun;)V @ 10
Event: 10.086 Thread 0x0000000056df7000 Uncommon trap: reason=null_check action=maybe_recompile pc=0x0000000002fb33f8 method=com.sun.javafx.text.PrismTextLayout.addTextRun(Lcom/sun/javafx/text/TextRun;)V @ 10
Event: 10.095 Thread 0x0000000056df7000 Uncommon trap: reason=null_check action=maybe_recompile pc=0x0000000002fb33f8 method=com.sun.javafx.text.PrismTextLayout.addTextRun(Lcom/sun/javafx/text/TextRun;)V @ 10
Event: 10.866 Thread 0x0000000056df7000 Uncommon trap: reason=unstable_if action=reinterpret pc=0x0000000002fdbdac method=com.sun.javafx.text.GlyphLayout.breakRuns(Lcom/sun/javafx/text/PrismTextLayout;[CI)I @ 278
Event: 11.217 Thread 0x0000000056df7000 Uncommon trap: reason=unstable_if action=reinterpret pc=0x0000000002fef150 method=com.sun.javafx.text.GlyphLayout.breakRuns(Lcom/sun/javafx/text/PrismTextLayout;[CI)I @ 278
Event: 11.737 Thread 0x0000000056df7000 Uncommon trap: reason=null_check action=maybe_recompile pc=0x0000000003001a1c method=com.sun.javafx.text.PrismTextLayout.layout()V @ 1336
Event: 13.354 Thread 0x0000000056df7000 Uncommon trap: reason=bimorphic action=maybe_recompile pc=0x0000000002ffd454 method=com.sun.javafx.binding.ExpressionHelper$Generic.fireValueChangedEvent()V @ 91
Event: 13.355 Thread 0x0000000056df7000 Uncommon trap: reason=bimorphic action=maybe_recompile pc=0x0000000002faf1d8 method=javafx.beans.binding.BooleanBinding.invalidate()V @ 13

Internal exceptions (10 events):
Event: 12.398 Thread 0x0000000056df7000 Exception <a 'java/lang/ArrayIndexOutOfBoundsException'> (0x00000000c298c8c0) thrown at [C:\re\workspace\8-2-build-windows-amd64-cygwin\jdk8u111\7883\hotspot\src\share\vm\prims\jvm.cpp, line 1390]
Event: 12.414 Thread 0x0000000056df7000 Exception <a 'java/lang/ArrayIndexOutOfBoundsException'> (0x00000000c298c8c0) thrown at [C:\re\workspace\8-2-build-windows-amd64-cygwin\jdk8u111\7883\hotspot\src\share\vm\prims\jvm.cpp, line 1390]
Event: 12.430 Thread 0x0000000056df7000 Exception <a 'java/lang/ArrayIndexOutOfBoundsException'> (0x00000000c298c8c0) thrown at [C:\re\workspace\8-2-build-windows-amd64-cygwin\jdk8u111\7883\hotspot\src\share\vm\prims\jvm.cpp, line 1390]
Event: 12.446 Thread 0x0000000056df7000 Exception <a 'java/lang/ArrayIndexOutOfBoundsException'> (0x00000000c298c8c0) thrown at [C:\re\workspace\8-2-build-windows-amd64-cygwin\jdk8u111\7883\hotspot\src\share\vm\prims\jvm.cpp, line 1390]
Event: 12.462 Thread 0x0000000056df7000 Exception <a 'java/lang/ArrayIndexOutOfBoundsException'> (0x00000000c298c8c0) thrown at [C:\re\workspace\8-2-build-windows-amd64-cygwin\jdk8u111\7883\hotspot\src\share\vm\prims\jvm.cpp, line 1390]
Event: 12.479 Thread 0x0000000056df7000 Exception <a 'java/lang/NullPointerException'> (0x00000000c283b5a0) thrown at [C:\re\workspace\8-2-build-windows-amd64-cygwin\jdk8u111\7883\hotspot\src\share\vm\prims\jvm.cpp, line 1390]
Event: 12.515 Thread 0x0000000056df7000 Exception <a 'java/lang/NullPointerException'> (0x00000000c283b5a0) thrown at [C:\re\workspace\8-2-build-windows-amd64-cygwin\jdk8u111\7883\hotspot\src\share\vm\prims\jvm.cpp, line 1390]
Event: 13.040 Thread 0x0000000056df7000 Exception <a 'java/lang/NullPointerException'> (0x00000000c283b5a0) thrown at [C:\re\workspace\8-2-build-windows-amd64-cygwin\jdk8u111\7883\hotspot\src\share\vm\prims\jvm.cpp, line 1390]
Event: 13.043 Thread 0x0000000056df7000 Exception <a 'java/lang/NullPointerException'> (0x00000000c283b5a0) thrown at [C:\re\workspace\8-2-build-windows-amd64-cygwin\jdk8u111\7883\hotspot\src\share\vm\prims\jvm.cpp, line 1390]
Event: 13.858 Thread 0x0000000056df7000 Exception <a 'java/lang/NullPointerException'> (0x00000000c283b5a0) thrown at [C:\re\workspace\8-2-build-windows-amd64-cygwin\jdk8u111\7883\hotspot\src\share\vm\prims\jvm.cpp, line 1390]

Events (10 events):
Event: 11.737 Thread 0x0000000056df7000 DEOPT UNPACKING pc=0x00000000028d556a sp=0x000000005892d5e8 mode 2
Event: 13.354 Thread 0x0000000056df7000 Uncommon trap: trap_request=0xffffffc6 fr.pc=0x0000000002ffd454
Event: 13.354 Thread 0x0000000056df7000 DEOPT PACKING pc=0x0000000002ffd454 sp=0x000000005892d7c0
Event: 13.354 Thread 0x0000000056df7000 DEOPT UNPACKING pc=0x00000000028d556a sp=0x000000005892d730 mode 2
Event: 13.355 Thread 0x0000000056df7000 Uncommon trap: trap_request=0xffffffc6 fr.pc=0x0000000002faf1d8
Event: 13.355 Thread 0x0000000056df7000 DEOPT PACKING pc=0x0000000002faf1d8 sp=0x000000005892d7b0
Event: 13.355 Thread 0x0000000056df7000 DEOPT UNPACKING pc=0x00000000028d556a sp=0x000000005892d750 mode 2
Event: 15.650 Executing VM operation: ParallelGCFailedAllocation
Event: 17.649 Executing VM operation: ParallelGCFailedAllocation done
Event: 17.991 Executing VM operation: ParallelGCFailedAllocation


Dynamic libraries:
0x000000013f990000 - 0x000000013f9c7000 	C:\Program Files\Java\jre1.8.0_111\bin\javaw.exe
0x0000000077b30000 - 0x0000000077cda000 	C:\Windows\SYSTEM32\ntdll.dll
0x0000000077a10000 - 0x0000000077b2f000 	C:\Windows\system32\kernel32.dll
0x000007fefd840000 - 0x000007fefd8aa000 	C:\Windows\system32\KERNELBASE.dll
0x000007feffd60000 - 0x000007feffe3b000 	C:\Windows\system32\ADVAPI32.dll
0x000007feff2c0000 - 0x000007feff35f000 	C:\Windows\system32\msvcrt.dll
0x000007fefdc80000 - 0x000007fefdc9f000 	C:\Windows\SYSTEM32\sechost.dll
0x000007feff460000 - 0x000007feff58d000 	C:\Windows\system32\RPCRT4.dll
0x0000000077910000 - 0x0000000077a0a000 	C:\Windows\system32\USER32.dll
0x000007feff610000 - 0x000007feff677000 	C:\Windows\system32\GDI32.dll
0x000007fefe520000 - 0x000007fefe52e000 	C:\Windows\system32\LPK.dll
0x000007feff390000 - 0x000007feff45a000 	C:\Windows\system32\USP10.dll
0x000007fefc220000 - 0x000007fefc414000 	C:\Windows\WinSxS\amd64_microsoft.windows.common-controls_6595b64144ccf1df_6.0.7601.18837_none_fa3b1e3d17594757\COMCTL32.dll
0x000007feff900000 - 0x000007feff971000 	C:\Windows\system32\SHLWAPI.dll
0x000007feff360000 - 0x000007feff38e000 	C:\Windows\system32\IMM32.DLL
0x000007fefdf00000 - 0x000007fefe009000 	C:\Windows\system32\MSCTF.dll
0x0000000065dd0000 - 0x0000000065ea2000 	C:\Program Files\Java\jre1.8.0_111\bin\msvcr100.dll
0x0000000065410000 - 0x0000000065caa000 	C:\Program Files\Java\jre1.8.0_111\bin\server\jvm.dll
0x000007fefad60000 - 0x000007fefad69000 	C:\Windows\system32\WSOCK32.dll
0x000007fefe010000 - 0x000007fefe05d000 	C:\Windows\system32\WS2_32.dll
0x000007feffa60000 - 0x000007feffa68000 	C:\Windows\system32\NSI.dll
0x000007fef8e30000 - 0x000007fef8e6b000 	C:\Windows\system32\WINMM.dll
0x000007fefc8e0000 - 0x000007fefc8ec000 	C:\Windows\system32\VERSION.dll
0x0000000077d00000 - 0x0000000077d07000 	C:\Windows\system32\PSAPI.DLL
0x000000006ee90000 - 0x000000006ee9f000 	C:\Program Files\Java\jre1.8.0_111\bin\verify.dll
0x0000000067a80000 - 0x0000000067aa9000 	C:\Program Files\Java\jre1.8.0_111\bin\java.dll
0x0000000067a60000 - 0x0000000067a76000 	C:\Program Files\Java\jre1.8.0_111\bin\zip.dll
0x000007fefe530000 - 0x000007feff2ba000 	C:\Windows\system32\SHELL32.dll
0x000007fefdd00000 - 0x000007fefdefc000 	C:\Windows\system32\ole32.dll
0x000007fefd830000 - 0x000007fefd83f000 	C:\Windows\system32\profapi.dll
0x000007fef15c0000 - 0x000007fef16af000 	C:\Program Files\Java\jre1.8.0_111\bin\msvcr120.dll
0x000007fef1420000 - 0x000007fef14c6000 	C:\Program Files\Java\jre1.8.0_111\bin\msvcp120.dll
0x0000000067960000 - 0x0000000067982000 	C:\Program Files\Java\jre1.8.0_111\bin\prism_d3d.dll
0x000007fef17b0000 - 0x000007fef19af000 	C:\Windows\system32\d3d9.dll
0x000007fefb800000 - 0x000007fefb807000 	C:\Windows\system32\d3d8thk.dll
0x000007fefc030000 - 0x000007fefc048000 	C:\Windows\system32\dwmapi.dll
0x000007fef0a20000 - 0x000007fef0b2e000 	C:\Windows\system32\aticfx64.dll
0x000007fefba50000 - 0x000007fefba5f000 	C:\Windows\system32\atiu9p64.dll
0x000007fee2fb0000 - 0x000007fee36dd000 	C:\Windows\system32\atiumd64.dll
0x0000000063ba0000 - 0x0000000063fbe000 	C:\Windows\system32\atiumd6a.dll
0x0000000065f40000 - 0x0000000065f83000 	C:\Program Files\Java\jre1.8.0_111\bin\glass.dll
0x000007fefdbe0000 - 0x000007fefdc77000 	C:\Windows\system32\COMDLG32.dll
0x000007feff980000 - 0x000007feffa5a000 	C:\Windows\system32\OLEAUT32.dll
0x000007fefd6c0000 - 0x000007fefd6cf000 	C:\Windows\system32\CRYPTBASE.dll
0x0000000067a40000 - 0x0000000067a5a000 	C:\Program Files\Java\jre1.8.0_111\bin\net.dll
0x000007fefcfd0000 - 0x000007fefd025000 	C:\Windows\system32\mswsock.dll
0x000007fefcfc0000 - 0x000007fefcfc7000 	C:\Windows\System32\wship6.dll
0x0000000067940000 - 0x0000000067954000 	C:\Program Files\Java\jre1.8.0_111\bin\javafx_font.dll
0x000007fef2110000 - 0x000007fef22a7000 	C:\Windows\system32\dwrite.dll
0x000007feff680000 - 0x000007feff719000 	C:\Windows\system32\CLBCatQ.DLL
0x000007fefb840000 - 0x000007fefb9a1000 	C:\Windows\system32\WindowsCodecs.dll
0x000007fefd660000 - 0x000007fefd6b7000 	C:\Windows\system32\apphelp.dll
0x000007fef7c80000 - 0x000007fef7cb5000 	C:\Windows\system32\EhStorShell.dll
0x000007feff720000 - 0x000007feff8f7000 	C:\Windows\system32\SETUPAPI.dll
0x000007fefdba0000 - 0x000007fefdbd6000 	C:\Windows\system32\CFGMGR32.dll
0x000007fefd9b0000 - 0x000007fefd9ca000 	C:\Windows\system32\DEVOBJ.dll
0x000007fefc0a0000 - 0x000007fefc1cc000 	C:\Windows\system32\PROPSYS.dll
0x000007fef7c00000 - 0x000007fef7c7e000 	C:\Windows\System32\cscui.dll
0x000007fef7bf0000 - 0x000007fef7bfc000 	C:\Windows\System32\CSCDLL.dll
0x000007fef7be0000 - 0x000007fef7bef000 	C:\Windows\system32\CSCAPI.dll
0x000007fef7a30000 - 0x000007fef7ab0000 	C:\Windows\system32\ntshrui.dll
0x000007fefd2f0000 - 0x000007fefd313000 	C:\Windows\system32\srvcli.dll
0x000007fefb370000 - 0x000007fefb37b000 	C:\Windows\system32\slc.dll
0x000007fef6830000 - 0x000007fef685d000 	C:\Program Files\Common Files\Microsoft Shared\Ink\rtscom.dll
0x0000000067280000 - 0x0000000067291000 	C:\Program Files\Java\jre1.8.0_111\bin\prism_common.dll
0x000007fefd030000 - 0x000007fefd048000 	C:\Windows\system32\CRYPTSP.dll
0x000007fefcd30000 - 0x000007fefcd77000 	C:\Windows\system32\rsaenh.dll
0x000007fefd770000 - 0x000007fefd784000 	C:\Windows\system32\RpcRtRemote.dll

VM Arguments:
jvm_args: -Dfile.encoding=Cp1252 
java_command: chatClientView.ChatClientView
java_class_path (initial): C:\Users\user\ChatClient\ChatClient\bin
Launcher Type: SUN_STANDARD

Environment Variables:
PATH=C:/Program Files/Java/jre1.8.0_111/bin/server;C:/Program Files/Java/jre1.8.0_111/bin;C:/Program Files/Java/jre1.8.0_111/lib/amd64;C:\Program Files (x86)\NVIDIA Corporation\PhysX\Common;C:\Program Files (x86)\AMD APP\bin\x86_64;C:\Program Files (x86)\AMD APP\bin\x86;C:\ProgramData\Oracle\Java\javapath;C:\Windows\system32;C:\Windows;C:\Windows\System32\Wbem;C:\Windows\System32\WindowsPowerShell\v1.0\;C:\Program Files (x86)\ATI Technologies\ATI.ACE\Core-Static;C:\Program Files (x86)\GtkSharp\2.12\bin;C:\Users\user\AppData\Local\Programs\Python\Python36\Scripts\;C:\Users\user\AppData\Local\Programs\Python\Python36\;C:\Windows\system32;
USERNAME=user
OS=Windows_NT
PROCESSOR_IDENTIFIER=Intel64 Family 6 Model 23 Stepping 10, GenuineIntel



---------------  S Y S T E M  ---------------

OS: Windows 7 , 64 bit Build 7601 (6.1.7601.23796)

CPU:total 4 (4 cores per cpu, 1 threads per core) family 6 model 23 stepping 10, cmov, cx8, fxsr, mmx, sse, sse2, sse3, ssse3, sse4.1, tsc

Memory: 4k page, physical 4060768k(30660k free), swap 8136060k(4904k free)

vm_info: Java HotSpot(TM) 64-Bit Server VM (25.111-b14) for windows-amd64 JRE (1.8.0_111-b14), built on Sep 22 2016 19:24:05 by "java_re" with MS VC++ 10.0 (VS2010)

time: Fri May 26 01:33:41 2017
elapsed time: 22 seconds (0d 0h 0m 22s)

